Build started 9/24/2014 3:07:00 PM.
     1>Project "C:\NVIDIA\PhysX-3.3.1_PC_SDK_Core\Source\compiler\vc11win64\PhysXExtensions.vcxproj" on node 2 (Build target(s)).
     1>ClCompile:
         C:\Program Files (x86)\Microsoft Visual Studio 11.0\VC\bin\x86_amd64\CL.exe /c /I./../../../Include/foundation /I./../../foundation/include /I./../../../Include/physxprofilesdk /I./../../../Include/physxvisualdebuggersdk /I./../../../Include/common /I./../../../Include/geometry /I./../../../Include/pvd /I./../../../Include/cooking /I./../../../Include/extensions /I./../../../Include/vehicle /I./../../../Include/pxtask /I./../../../Include/cloth /I./../../../Include /I./../../Common/src /I./../../GeomUtils/headers /I./../../GeomUtils/src/contact /I./../../GeomUtils/src/common /I./../../GeomUtils/src/convex /I./../../GeomUtils/src/distance /I./../../GeomUtils/src/gjk /I./../../GeomUtils/src/intersection /I./../../GeomUtils/src/mesh /I./../../GeomUtils/src/hf /I./../../GeomUtils/src/pcm /I./../../PhysXMetaData/core/include /I./../../PhysXMetaData/extensions/include /I./../../PhysXProfileSDK /I./../../PhysXExtensions/src /I./../../PhysXExtensions/src/serialization/Xml /I./../../PhysXExtensions/src/serialization/Binary /I./../../PvdRuntime/src /Zi /nologo /W4 /WX /Ox /D PX_BUILD_NUMBER=0 /D WIN32 /D WIN64 /D _CRT_SECURE_NO_DEPRECATE /D _CRT_NONSTDC_NO_DEPRECATE /D _ALLOW_MSC_VER_MISMATCH /D _ALLOW_ITERATOR_DEBUG_LEVEL_MISMATCH /D PX_PHYSX_STATIC_LIB /D NDEBUG /D PX_CHECKED /D PX_SUPPORT_VISUAL_DEBUGGER /D PX_NVTX /GF /Gm- /MT /GS- /fp:fast /Zc:wchar_t /Zc:forScope /GR- /Fo"./x64/PhysXExtensions/checked\\" /Fd"./x64/PhysXExtensions/checked\vc110.pdb" /Gd /TP /errorReport:prompt /MP /Wall /wd4514 /wd4710 /wd4711 /wd4820 ..\..\PhysXExtensions\src\ExtBroadPhase.cpp ..\..\PhysXExtensions\src\ExtClothFabricCooker.cpp ..\..\PhysXExtensions\src\ExtClothGeodesicTetherCooker.cpp ..\..\PhysXExtensions\src\ExtClothMeshQuadifier.cpp ..\..\PhysXExtensions\src\ExtClothSimpleTetherCooker.cpp ..\..\PhysXExtensions\src\ExtCollection.cpp ..\..\PhysXExtensions\src\ExtCpuWorkerThread.cpp ..\..\PhysXExtensions\src\ExtD6Joint.cpp ..\..\PhysXExtensions\src\ExtD6JointSolverPrep.cpp ..\..\PhysXExtensions\src\ExtDefaultCpuDispatcher.cpp ..\..\PhysXExtensions\src\ExtDefaultErrorCallback.cpp ..\..\PhysXExtensions\src\ExtDefaultSimulationFilterShader.cpp ..\..\PhysXExtensions\src\ExtDefaultStreams.cpp ..\..\PhysXExtensions\src\ExtDistanceJoint.cpp ..\..\PhysXExtensions\src\ExtDistanceJointSolverPrep.cpp ..\..\PhysXExtensions\src\ExtExtensions.cpp ..\..\PhysXExtensions\src\ExtFixedJoint.cpp ..\..\PhysXExtensions\src\ExtFixedJointSolverPrep.cpp ..\..\PhysXExtensions\src\ExtJoint.cpp ..\..\PhysXExtensions\src\ExtMetaData.cpp ..\..\PhysXExtensions\src\ExtParticleExt.cpp ..\..\PhysXExtensions\src\ExtPrismaticJoint.cpp ..\..\PhysXExtensions\src\ExtPrismaticJointSolverPrep.cpp ..\..\PhysXExtensions\src\ExtPvdClientImpl.cpp ..\..\PhysXExtensions\src\ExtPxStringTable.cpp ..\..\PhysXExtensions\src\ExtRevoluteJoint.cpp ..\..\PhysXExtensions\src\ExtRevoluteJointSolverPrep.cpp ..\..\PhysXExtensions\src\ExtRigidBodyExt.cpp ..\..\PhysXExtensions\src\ExtSimpleFactory.cpp ..\..\PhysXExtensions\src\ExtSmoothNormals.cpp ..\..\PhysXExtensions\src\ExtSphericalJoint.cpp ..\..\PhysXExtensions\src\ExtSphericalJointSolverPrep.cpp ..\..\PhysXExtensions\src\ExtTriangleMeshExt.cpp ..\..\PhysXExtensions\src\ExtVisualDebugger.cpp ..\..\PhysXExtensions\src\serialization\Binary\SnBinaryDeserialization.cpp ..\..\PhysXExtensions\src\serialization\Binary\SnBinarySerialization.cpp ..\..\PhysXExtensions\src\serialization\Binary\SnConvX.cpp ..\..\PhysXExtensions\src\serialization\Binary\SnConvX_Align.cpp ..\..\PhysXExtensions\src\serialization\Binary\SnConvX_Convert.cpp ..\..\PhysXExtensions\src\serialization\Binary\SnConvX_Error.cpp ..\..\PhysXExtensions\src\serialization\Binary\SnConvX_MetaData.cpp ..\..\PhysXExtensions\src\serialization\Binary\SnConvX_Output.cpp ..\..\PhysXExtensions\src\serialization\Binary\SnConvX_Union.cpp ..\..\PhysXExtensions\src\serialization\Binary\SnSerializationContext.cpp ..\..\PhysXExtensions\src\serialization\Xml\SnJointRepXSerializer.cpp ..\..\PhysXExtensions\src\serialization\Xml\SnRepXCoreSerializer.cpp ..\..\PhysXExtensions\src\serialization\Xml\SnRepXUpgrader.cpp ..\..\PhysXExtensions\src\serialization\Xml\SnXmlSerialization.cpp ..\..\PhysXExtensions\src\serialization\SnSerialization.cpp ..\..\PhysXExtensions\src\serialization\SnSerializationRegistry.cpp ..\..\PhysXExtensions\src\serialization\SnSerialUtils.cpp ..\..\PhysXMetaData\extensions\src\PxExtensionAutoGeneratedMetaDataObjects.cpp
         ExtBroadPhase.cpp
         ExtClothFabricCooker.cpp
         ExtClothGeodesicTetherCooker.cpp
         ExtClothMeshQuadifier.cpp
         ExtClothSimpleTetherCooker.cpp
         ExtCollection.cpp
         ExtCpuWorkerThread.cpp
         ExtD6Joint.cpp
         ExtD6JointSolverPrep.cpp
         ExtDefaultCpuDispatcher.cpp
         ExtDefaultErrorCallback.cpp
         ExtDefaultSimulationFilterShader.cpp
         ExtDefaultStreams.cpp
         ExtDistanceJoint.cpp
         ExtDistanceJointSolverPrep.cpp
         ExtExtensions.cpp
         ExtFixedJoint.cpp
         ExtFixedJointSolverPrep.cpp
         ExtJoint.cpp
         ExtMetaData.cpp
         ExtParticleExt.cpp
         ExtPrismaticJoint.cpp
         ExtPrismaticJointSolverPrep.cpp
         ExtPvdClientImpl.cpp
         ExtPxStringTable.cpp
         ExtRevoluteJoint.cpp
         ExtRevoluteJointSolverPrep.cpp
         ExtRigidBodyExt.cpp
         ExtSimpleFactory.cpp
         ExtSmoothNormals.cpp
         ExtSphericalJoint.cpp
         ExtSphericalJointSolverPrep.cpp
         ExtTriangleMeshExt.cpp
         ExtVisualDebugger.cpp
         SnBinaryDeserialization.cpp
         SnBinarySerialization.cpp
         SnConvX.cpp
         SnConvX_Align.cpp
         SnConvX_Convert.cpp
         SnConvX_Error.cpp
         SnConvX_MetaData.cpp
         SnConvX_Output.cpp
         SnConvX_Union.cpp
         SnSerializationContext.cpp
         SnJointRepXSerializer.cpp
         SnRepXCoreSerializer.cpp
         SnRepXUpgrader.cpp
         SnXmlSerialization.cpp
         SnSerialization.cpp
         SnSerializationRegistry.cpp
         SnSerialUtils.cpp
         PxExtensionAutoGeneratedMetaDataObjects.cpp
       Lib:
         C:\Program Files (x86)\Microsoft Visual Studio 11.0\VC\bin\x86_amd64\Lib.exe /OUT:"./../../../Lib/win64\PhysX3ExtensionsCHECKED.lib" /NOLOGO /MACHINE:X64 ./x64/PhysXExtensions/checked\ExtBroadPhase.obj
         ./x64/PhysXExtensions/checked\ExtClothFabricCooker.obj
         ./x64/PhysXExtensions/checked\ExtClothGeodesicTetherCooker.obj
         ./x64/PhysXExtensions/checked\ExtClothMeshQuadifier.obj
         ./x64/PhysXExtensions/checked\ExtClothSimpleTetherCooker.obj
         ./x64/PhysXExtensions/checked\ExtCollection.obj
         ./x64/PhysXExtensions/checked\ExtCpuWorkerThread.obj
         ./x64/PhysXExtensions/checked\ExtD6Joint.obj
         ./x64/PhysXExtensions/checked\ExtD6JointSolverPrep.obj
         ./x64/PhysXExtensions/checked\ExtDefaultCpuDispatcher.obj
         ./x64/PhysXExtensions/checked\ExtDefaultErrorCallback.obj
         ./x64/PhysXExtensions/checked\ExtDefaultSimulationFilterShader.obj
         ./x64/PhysXExtensions/checked\ExtDefaultStreams.obj
         ./x64/PhysXExtensions/checked\ExtDistanceJoint.obj
         ./x64/PhysXExtensions/checked\ExtDistanceJointSolverPrep.obj
         ./x64/PhysXExtensions/checked\ExtExtensions.obj
         ./x64/PhysXExtensions/checked\ExtFixedJoint.obj
         ./x64/PhysXExtensions/checked\ExtFixedJointSolverPrep.obj
         ./x64/PhysXExtensions/checked\ExtJoint.obj
         ./x64/PhysXExtensions/checked\ExtMetaData.obj
         ./x64/PhysXExtensions/checked\ExtParticleExt.obj
         ./x64/PhysXExtensions/checked\ExtPrismaticJoint.obj
         ./x64/PhysXExtensions/checked\ExtPrismaticJointSolverPrep.obj
         ./x64/PhysXExtensions/checked\ExtPvdClientImpl.obj
         ./x64/PhysXExtensions/checked\ExtPxStringTable.obj
         ./x64/PhysXExtensions/checked\ExtRevoluteJoint.obj
         ./x64/PhysXExtensions/checked\ExtRevoluteJointSolverPrep.obj
         ./x64/PhysXExtensions/checked\ExtRigidBodyExt.obj
         ./x64/PhysXExtensions/checked\ExtSimpleFactory.obj
         ./x64/PhysXExtensions/checked\ExtSmoothNormals.obj
         ./x64/PhysXExtensions/checked\ExtSphericalJoint.obj
         ./x64/PhysXExtensions/checked\ExtSphericalJointSolverPrep.obj
         ./x64/PhysXExtensions/checked\ExtTriangleMeshExt.obj
         ./x64/PhysXExtensions/checked\ExtVisualDebugger.obj
         ./x64/PhysXExtensions/checked\SnBinaryDeserialization.obj
         ./x64/PhysXExtensions/checked\SnBinarySerialization.obj
         ./x64/PhysXExtensions/checked\SnConvX.obj
         ./x64/PhysXExtensions/checked\SnConvX_Align.obj
         ./x64/PhysXExtensions/checked\SnConvX_Convert.obj
         ./x64/PhysXExtensions/checked\SnConvX_Error.obj
         ./x64/PhysXExtensions/checked\SnConvX_MetaData.obj
         ./x64/PhysXExtensions/checked\SnConvX_Output.obj
         ./x64/PhysXExtensions/checked\SnConvX_Union.obj
         ./x64/PhysXExtensions/checked\SnSerializationContext.obj
         ./x64/PhysXExtensions/checked\SnJointRepXSerializer.obj
         ./x64/PhysXExtensions/checked\SnRepXCoreSerializer.obj
         ./x64/PhysXExtensions/checked\SnRepXUpgrader.obj
         ./x64/PhysXExtensions/checked\SnXmlSerialization.obj
         ./x64/PhysXExtensions/checked\SnSerialization.obj
         ./x64/PhysXExtensions/checked\SnSerializationRegistry.obj
         ./x64/PhysXExtensions/checked\SnSerialUtils.obj
         ./x64/PhysXExtensions/checked\PxExtensionAutoGeneratedMetaDataObjects.obj
         PhysXExtensions.vcxproj -> C:\NVIDIA\PhysX-3.3.1_PC_SDK_Core\Source\compiler\vc11win64\./../../../Lib/win64\PhysX3ExtensionsCHECKED.lib
     1>Done Building Project "C:\NVIDIA\PhysX-3.3.1_PC_SDK_Core\Source\compiler\vc11win64\PhysXExtensions.vcxproj" (Build target(s)).

Build succeeded.

Time Elapsed 00:00:38.67
