Build started 9/24/2014 3:08:27 PM.
     1>Project "C:\NVIDIA\PhysX-3.3.1_PC_SDK_Core\Source\compiler\vc11win64\PhysXVehicle.vcxproj" on node 2 (Build target(s)).
     1>ClCompile:
         C:\Program Files (x86)\Microsoft Visual Studio 11.0\VC\bin\x86_amd64\CL.exe /c /I./../../../Include/foundation /I./../../foundation/include /I./../../../Include/physxprofilesdk /I./../../../Include/physxvisualdebuggersdk /I./../../../Include/vehicle /I./../../../Include/common /I./../../../Include/geometry /I./../../../Include/extensions /I./../../../Include/cloth /I./../../../Include /I./../../../Include/physxvisualdebuggersdk /I./../../../Include/physxprofilesdk /I./../../Common/src /I./../../PhysXVehicle/src /I./../../PhysXProfileSDK /I./../../PhysXMetaData/extensions/include /I./../../PhysXExtensions/src/serialization/Xml /I./../../PhysXMetaData/core/include /I./../../PhysXVehicle/src/PhysXMetaData/include /Zi /nologo /W4 /WX /Ox /D WIN32 /D WIN64 /D _CRT_SECURE_NO_DEPRECATE /D _CRT_NONSTDC_NO_DEPRECATE /D _ALLOW_MSC_VER_MISMATCH /D _ALLOW_ITERATOR_DEBUG_LEVEL_MISMATCH /D PX_PHYSX_STATIC_LIB /D NDEBUG /D PX_CHECKED /D PX_SUPPORT_VISUAL_DEBUGGER /D PX_NVTX /GF /Gm- /MT /GS- /fp:fast /Zc:wchar_t /Zc:forScope /GR- /Fo"./x64/PhysXVehicle/checked\\" /Fd"./x64/PhysXVehicle/checked\vc110.pdb" /Gd /TP /errorReport:prompt /MP /Wall /wd4514 /wd4710 /wd4711 /wd4820 ..\..\PhysXVehicle\src\PxVehicleComponents.cpp ..\..\PhysXVehicle\src\PxVehicleDrive.cpp ..\..\PhysXVehicle\src\PxVehicleDrive4W.cpp ..\..\PhysXVehicle\src\PxVehicleDriveNW.cpp ..\..\PhysXVehicle\src\PxVehicleDriveTank.cpp ..\..\PhysXVehicle\src\PxVehicleMetaData.cpp ..\..\PhysXVehicle\src\PxVehicleNoDrive.cpp ..\..\PhysXVehicle\src\PxVehicleSDK.cpp ..\..\PhysXVehicle\src\PxVehicleSerialization.cpp ..\..\PhysXVehicle\src\PxVehicleSuspWheelTire4.cpp ..\..\PhysXVehicle\src\PxVehicleTireFriction.cpp ..\..\PhysXVehicle\src\PxVehicleUpdate.cpp ..\..\PhysXVehicle\src\PxVehicleWheels.cpp ..\..\PhysXVehicle\src\VehicleUtilControl.cpp ..\..\PhysXVehicle\src\VehicleUtilSetup.cpp ..\..\PhysXVehicle\src\VehicleUtilTelemetry.cpp ..\..\PhysXVehicle\src\PhysXMetaData\src\PxVehicleAutoGeneratedMetaDataObjects.cpp ..\..\PhysXVehicle\src\PhysXMetaData\src\PxVehicleMetaDataObjects.cpp
         PxVehicleComponents.cpp
         PxVehicleDrive.cpp
         PxVehicleDrive4W.cpp
         PxVehicleDriveNW.cpp
         PxVehicleDriveTank.cpp
         PxVehicleMetaData.cpp
         PxVehicleNoDrive.cpp
         PxVehicleSDK.cpp
         PxVehicleSerialization.cpp
         PxVehicleSuspWheelTire4.cpp
         PxVehicleTireFriction.cpp
         PxVehicleUpdate.cpp
         PxVehicleWheels.cpp
         VehicleUtilControl.cpp
         VehicleUtilSetup.cpp
         VehicleUtilTelemetry.cpp
         PxVehicleAutoGeneratedMetaDataObjects.cpp
         PxVehicleMetaDataObjects.cpp
       Lib:
         C:\Program Files (x86)\Microsoft Visual Studio 11.0\VC\bin\x86_amd64\Lib.exe /OUT:"./../../../Lib/win64\PhysX3VehicleCHECKED.lib" /NOLOGO /MACHINE:X64 ./x64/PhysXVehicle/checked\PxVehicleComponents.obj
         ./x64/PhysXVehicle/checked\PxVehicleDrive.obj
         ./x64/PhysXVehicle/checked\PxVehicleDrive4W.obj
         ./x64/PhysXVehicle/checked\PxVehicleDriveNW.obj
         ./x64/PhysXVehicle/checked\PxVehicleDriveTank.obj
         ./x64/PhysXVehicle/checked\PxVehicleMetaData.obj
         ./x64/PhysXVehicle/checked\PxVehicleNoDrive.obj
         ./x64/PhysXVehicle/checked\PxVehicleSDK.obj
         ./x64/PhysXVehicle/checked\PxVehicleSerialization.obj
         ./x64/PhysXVehicle/checked\PxVehicleSuspWheelTire4.obj
         ./x64/PhysXVehicle/checked\PxVehicleTireFriction.obj
         ./x64/PhysXVehicle/checked\PxVehicleUpdate.obj
         ./x64/PhysXVehicle/checked\PxVehicleWheels.obj
         ./x64/PhysXVehicle/checked\VehicleUtilControl.obj
         ./x64/PhysXVehicle/checked\VehicleUtilSetup.obj
         ./x64/PhysXVehicle/checked\VehicleUtilTelemetry.obj
         ./x64/PhysXVehicle/checked\PxVehicleAutoGeneratedMetaDataObjects.obj
         ./x64/PhysXVehicle/checked\PxVehicleMetaDataObjects.obj
         PhysXVehicle.vcxproj -> C:\NVIDIA\PhysX-3.3.1_PC_SDK_Core\Source\compiler\vc11win64\./../../../Lib/win64\PhysX3VehicleCHECKED.lib
     1>Done Building Project "C:\NVIDIA\PhysX-3.3.1_PC_SDK_Core\Source\compiler\vc11win64\PhysXVehicle.vcxproj" (Build target(s)).

Build succeeded.

Time Elapsed 00:00:18.65
