C:\USERS\RICHARD\DOCUMENTS\ACADEMICS\PENN\03_F2014\CIS599 - MASTERS INDEPENDENT STUDY\SPACETIME-OPTIMIZATION-OF-ARTICULATED-CHARACTER-MOTION\ADOL-C\MSVISUALSTUDIO\V10\X64\SPARSE\HOV_WK_FORWARD.OBJ
C:\USERS\RICHARD\DOCUMENTS\ACADEMICS\PENN\03_F2014\CIS599 - MASTERS INDEPENDENT STUDY\SPACETIME-OPTIMIZATION-OF-ARTICULATED-CHARACTER-MOTION\ADOL-C\MSVISUALSTUDIO\V10\X64\SPARSE\HOV_REVERSE.OBJ
C:\USERS\RICHARD\DOCUMENTS\ACADEMICS\PENN\03_F2014\CIS599 - MASTERS INDEPENDENT STUDY\SPACETIME-OPTIMIZATION-OF-ARTICULATED-CHARACTER-MOTION\ADOL-C\MSVISUALSTUDIO\V10\X64\SPARSE\HOV_FORWARD.OBJ
C:\USERS\RICHARD\DOCUMENTS\ACADEMICS\PENN\03_F2014\CIS599 - MASTERS INDEPENDENT STUDY\SPACETIME-OPTIMIZATION-OF-ARTICULATED-CHARACTER-MOTION\ADOL-C\MSVISUALSTUDIO\V10\X64\SPARSE\HOS_REVERSE.OBJ
C:\USERS\RICHARD\DOCUMENTS\ACADEMICS\PENN\03_F2014\CIS599 - MASTERS INDEPENDENT STUDY\SPACETIME-OPTIMIZATION-OF-ARTICULATED-CHARACTER-MOTION\ADOL-C\MSVISUALSTUDIO\V10\X64\SPARSE\HOS_OV_REVERSE.OBJ
C:\USERS\RICHARD\DOCUMENTS\ACADEMICS\PENN\03_F2014\CIS599 - MASTERS INDEPENDENT STUDY\SPACETIME-OPTIMIZATION-OF-ARTICULATED-CHARACTER-MOTION\ADOL-C\MSVISUALSTUDIO\V10\X64\SPARSE\HOS_FORWARD.OBJ
C:\USERS\RICHARD\DOCUMENTS\ACADEMICS\PENN\03_F2014\CIS599 - MASTERS INDEPENDENT STUDY\SPACETIME-OPTIMIZATION-OF-ARTICULATED-CHARACTER-MOTION\ADOL-C\MSVISUALSTUDIO\V10\X64\SPARSE\FOV_REVERSE.OBJ
C:\USERS\RICHARD\DOCUMENTS\ACADEMICS\PENN\03_F2014\CIS599 - MASTERS INDEPENDENT STUDY\SPACETIME-OPTIMIZATION-OF-ARTICULATED-CHARACTER-MOTION\ADOL-C\MSVISUALSTUDIO\V10\X64\SPARSE\FOV_OFFSET_FORWARD.OBJ
C:\USERS\RICHARD\DOCUMENTS\ACADEMICS\PENN\03_F2014\CIS599 - MASTERS INDEPENDENT STUDY\SPACETIME-OPTIMIZATION-OF-ARTICULATED-CHARACTER-MOTION\ADOL-C\MSVISUALSTUDIO\V10\X64\SPARSE\FOV_FORWARD.OBJ
C:\USERS\RICHARD\DOCUMENTS\ACADEMICS\PENN\03_F2014\CIS599 - MASTERS INDEPENDENT STUDY\SPACETIME-OPTIMIZATION-OF-ARTICULATED-CHARACTER-MOTION\ADOL-C\MSVISUALSTUDIO\V10\X64\SPARSE\FOS_REVERSE.OBJ
C:\USERS\RICHARD\DOCUMENTS\ACADEMICS\PENN\03_F2014\CIS599 - MASTERS INDEPENDENT STUDY\SPACETIME-OPTIMIZATION-OF-ARTICULATED-CHARACTER-MOTION\ADOL-C\MSVISUALSTUDIO\V10\X64\SPARSE\FOS_FORWARD.OBJ
C:\USERS\RICHARD\DOCUMENTS\ACADEMICS\PENN\03_F2014\CIS599 - MASTERS INDEPENDENT STUDY\SPACETIME-OPTIMIZATION-OF-ARTICULATED-CHARACTER-MOTION\ADOL-C\MSVISUALSTUDIO\V10\X64\SPARSE\FORWARD_PARTX.OBJ
C:\USERS\RICHARD\DOCUMENTS\ACADEMICS\PENN\03_F2014\CIS599 - MASTERS INDEPENDENT STUDY\SPACETIME-OPTIMIZATION-OF-ARTICULATED-CHARACTER-MOTION\ADOL-C\MSVISUALSTUDIO\V10\X64\SPARSE\FORTUTILS.OBJ
C:\USERS\RICHARD\DOCUMENTS\ACADEMICS\PENN\03_F2014\CIS599 - MASTERS INDEPENDENT STUDY\SPACETIME-OPTIMIZATION-OF-ARTICULATED-CHARACTER-MOTION\ADOL-C\MSVISUALSTUDIO\V10\X64\SPARSE\TAYLOR.OBJ
C:\USERS\RICHARD\DOCUMENTS\ACADEMICS\PENN\03_F2014\CIS599 - MASTERS INDEPENDENT STUDY\SPACETIME-OPTIMIZATION-OF-ARTICULATED-CHARACTER-MOTION\ADOL-C\MSVISUALSTUDIO\V10\X64\SPARSE\ODEDRIVERSF.OBJ
C:\USERS\RICHARD\DOCUMENTS\ACADEMICS\PENN\03_F2014\CIS599 - MASTERS INDEPENDENT STUDY\SPACETIME-OPTIMIZATION-OF-ARTICULATED-CHARACTER-MOTION\ADOL-C\MSVISUALSTUDIO\V10\X64\SPARSE\ODEDRIVERS.OBJ
C:\USERS\RICHARD\DOCUMENTS\ACADEMICS\PENN\03_F2014\CIS599 - MASTERS INDEPENDENT STUDY\SPACETIME-OPTIMIZATION-OF-ARTICULATED-CHARACTER-MOTION\ADOL-C\MSVISUALSTUDIO\V10\X64\SPARSE\DRIVERSF.OBJ
C:\USERS\RICHARD\DOCUMENTS\ACADEMICS\PENN\03_F2014\CIS599 - MASTERS INDEPENDENT STUDY\SPACETIME-OPTIMIZATION-OF-ARTICULATED-CHARACTER-MOTION\ADOL-C\MSVISUALSTUDIO\V10\X64\SPARSE\DRIVERS.OBJ
C:\USERS\RICHARD\DOCUMENTS\ACADEMICS\PENN\03_F2014\CIS599 - MASTERS INDEPENDENT STUDY\SPACETIME-OPTIMIZATION-OF-ARTICULATED-CHARACTER-MOTION\ADOL-C\MSVISUALSTUDIO\V10\X64\SPARSE\CONVOLUT.OBJ
C:\USERS\RICHARD\DOCUMENTS\ACADEMICS\PENN\03_F2014\CIS599 - MASTERS INDEPENDENT STUDY\SPACETIME-OPTIMIZATION-OF-ARTICULATED-CHARACTER-MOTION\ADOL-C\MSVISUALSTUDIO\V10\X64\SPARSE\ADALLOC.OBJ
C:\USERS\RICHARD\DOCUMENTS\ACADEMICS\PENN\03_F2014\CIS599 - MASTERS INDEPENDENT STUDY\SPACETIME-OPTIMIZATION-OF-ARTICULATED-CHARACTER-MOTION\ADOL-C\MSVISUALSTUDIO\V10\X64\SPARSE\ZOS_AN_FORWARD.OBJ
C:\USERS\RICHARD\DOCUMENTS\ACADEMICS\PENN\03_F2014\CIS599 - MASTERS INDEPENDENT STUDY\SPACETIME-OPTIMIZATION-OF-ARTICULATED-CHARACTER-MOTION\ADOL-C\MSVISUALSTUDIO\V10\X64\SPARSE\FOV_AN_FORWARD.OBJ
C:\USERS\RICHARD\DOCUMENTS\ACADEMICS\PENN\03_F2014\CIS599 - MASTERS INDEPENDENT STUDY\SPACETIME-OPTIMIZATION-OF-ARTICULATED-CHARACTER-MOTION\ADOL-C\MSVISUALSTUDIO\V10\X64\SPARSE\FOS_AN_REVERSE.OBJ
C:\USERS\RICHARD\DOCUMENTS\ACADEMICS\PENN\03_F2014\CIS599 - MASTERS INDEPENDENT STUDY\SPACETIME-OPTIMIZATION-OF-ARTICULATED-CHARACTER-MOTION\ADOL-C\MSVISUALSTUDIO\V10\X64\SPARSE\FOS_AN_FORWARD.OBJ
C:\USERS\RICHARD\DOCUMENTS\ACADEMICS\PENN\03_F2014\CIS599 - MASTERS INDEPENDENT STUDY\SPACETIME-OPTIMIZATION-OF-ARTICULATED-CHARACTER-MOTION\ADOL-C\MSVISUALSTUDIO\V10\X64\SPARSE\ZOS_FORWARD.OBJ
C:\USERS\RICHARD\DOCUMENTS\ACADEMICS\PENN\03_F2014\CIS599 - MASTERS INDEPENDENT STUDY\SPACETIME-OPTIMIZATION-OF-ARTICULATED-CHARACTER-MOTION\ADOL-C\MSVISUALSTUDIO\V10\X64\SPARSE\TAPING.OBJ
C:\USERS\RICHARD\DOCUMENTS\ACADEMICS\PENN\03_F2014\CIS599 - MASTERS INDEPENDENT STUDY\SPACETIME-OPTIMIZATION-OF-ARTICULATED-CHARACTER-MOTION\ADOL-C\MSVISUALSTUDIO\V10\X64\SPARSE\TAPEDOC.OBJ
C:\USERS\RICHARD\DOCUMENTS\ACADEMICS\PENN\03_F2014\CIS599 - MASTERS INDEPENDENT STUDY\SPACETIME-OPTIMIZATION-OF-ARTICULATED-CHARACTER-MOTION\ADOL-C\MSVISUALSTUDIO\V10\X64\SPARSE\REVOLVE.OBJ
C:\USERS\RICHARD\DOCUMENTS\ACADEMICS\PENN\03_F2014\CIS599 - MASTERS INDEPENDENT STUDY\SPACETIME-OPTIMIZATION-OF-ARTICULATED-CHARACTER-MOTION\ADOL-C\MSVISUALSTUDIO\V10\X64\SPARSE\NONL_IND_OLD_FORWARD_T.OBJ
C:\USERS\RICHARD\DOCUMENTS\ACADEMICS\PENN\03_F2014\CIS599 - MASTERS INDEPENDENT STUDY\SPACETIME-OPTIMIZATION-OF-ARTICULATED-CHARACTER-MOTION\ADOL-C\MSVISUALSTUDIO\V10\X64\SPARSE\NONL_IND_OLD_FORWARD_S.OBJ
C:\USERS\RICHARD\DOCUMENTS\ACADEMICS\PENN\03_F2014\CIS599 - MASTERS INDEPENDENT STUDY\SPACETIME-OPTIMIZATION-OF-ARTICULATED-CHARACTER-MOTION\ADOL-C\MSVISUALSTUDIO\V10\X64\SPARSE\NONL_IND_FORWARD_T.OBJ
C:\USERS\RICHARD\DOCUMENTS\ACADEMICS\PENN\03_F2014\CIS599 - MASTERS INDEPENDENT STUDY\SPACETIME-OPTIMIZATION-OF-ARTICULATED-CHARACTER-MOTION\ADOL-C\MSVISUALSTUDIO\V10\X64\SPARSE\NONL_IND_FORWARD_S.OBJ
C:\USERS\RICHARD\DOCUMENTS\ACADEMICS\PENN\03_F2014\CIS599 - MASTERS INDEPENDENT STUDY\SPACETIME-OPTIMIZATION-OF-ARTICULATED-CHARACTER-MOTION\ADOL-C\MSVISUALSTUDIO\V10\X64\SPARSE\MALLOC.OBJ
C:\USERS\RICHARD\DOCUMENTS\ACADEMICS\PENN\03_F2014\CIS599 - MASTERS INDEPENDENT STUDY\SPACETIME-OPTIMIZATION-OF-ARTICULATED-CHARACTER-MOTION\ADOL-C\MSVISUALSTUDIO\V10\X64\SPARSE\INT_REVERSE_T.OBJ
C:\USERS\RICHARD\DOCUMENTS\ACADEMICS\PENN\03_F2014\CIS599 - MASTERS INDEPENDENT STUDY\SPACETIME-OPTIMIZATION-OF-ARTICULATED-CHARACTER-MOTION\ADOL-C\MSVISUALSTUDIO\V10\X64\SPARSE\INT_REVERSE_S.OBJ
C:\USERS\RICHARD\DOCUMENTS\ACADEMICS\PENN\03_F2014\CIS599 - MASTERS INDEPENDENT STUDY\SPACETIME-OPTIMIZATION-OF-ARTICULATED-CHARACTER-MOTION\ADOL-C\MSVISUALSTUDIO\V10\X64\SPARSE\INT_FORWARD_T.OBJ
C:\USERS\RICHARD\DOCUMENTS\ACADEMICS\PENN\03_F2014\CIS599 - MASTERS INDEPENDENT STUDY\SPACETIME-OPTIMIZATION-OF-ARTICULATED-CHARACTER-MOTION\ADOL-C\MSVISUALSTUDIO\V10\X64\SPARSE\INT_FORWARD_S.OBJ
C:\USERS\RICHARD\DOCUMENTS\ACADEMICS\PENN\03_F2014\CIS599 - MASTERS INDEPENDENT STUDY\SPACETIME-OPTIMIZATION-OF-ARTICULATED-CHARACTER-MOTION\ADOL-C\MSVISUALSTUDIO\V10\X64\SPARSE\INTERFACESF.OBJ
C:\USERS\RICHARD\DOCUMENTS\ACADEMICS\PENN\03_F2014\CIS599 - MASTERS INDEPENDENT STUDY\SPACETIME-OPTIMIZATION-OF-ARTICULATED-CHARACTER-MOTION\ADOL-C\MSVISUALSTUDIO\V10\X64\SPARSE\INDOPRO_FORWARD_T.OBJ
C:\USERS\RICHARD\DOCUMENTS\ACADEMICS\PENN\03_F2014\CIS599 - MASTERS INDEPENDENT STUDY\SPACETIME-OPTIMIZATION-OF-ARTICULATED-CHARACTER-MOTION\ADOL-C\MSVISUALSTUDIO\V10\X64\SPARSE\INDOPRO_FORWARD_S.OBJ
C:\USERS\RICHARD\DOCUMENTS\ACADEMICS\PENN\03_F2014\CIS599 - MASTERS INDEPENDENT STUDY\SPACETIME-OPTIMIZATION-OF-ARTICULATED-CHARACTER-MOTION\ADOL-C\MSVISUALSTUDIO\V10\X64\SPARSE\VC100.PDB
C:\USERS\RICHARD\DOCUMENTS\ACADEMICS\PENN\03_F2014\CIS599 - MASTERS INDEPENDENT STUDY\SPACETIME-OPTIMIZATION-OF-ARTICULATED-CHARACTER-MOTION\ADOL-C\MSVISUALSTUDIO\V10\X64\SPARSE\PARAM.OBJ
C:\USERS\RICHARD\DOCUMENTS\ACADEMICS\PENN\03_F2014\CIS599 - MASTERS INDEPENDENT STUDY\SPACETIME-OPTIMIZATION-OF-ARTICULATED-CHARACTER-MOTION\ADOL-C\MSVISUALSTUDIO\V10\X64\SPARSE\ADOUBLE_TL.OBJ
C:\USERS\RICHARD\DOCUMENTS\ACADEMICS\PENN\03_F2014\CIS599 - MASTERS INDEPENDENT STUDY\SPACETIME-OPTIMIZATION-OF-ARTICULATED-CHARACTER-MOTION\ADOL-C\MSVISUALSTUDIO\V10\X64\SPARSE\TAPE_HANDLING.OBJ
C:\USERS\RICHARD\DOCUMENTS\ACADEMICS\PENN\03_F2014\CIS599 - MASTERS INDEPENDENT STUDY\SPACETIME-OPTIMIZATION-OF-ARTICULATED-CHARACTER-MOTION\ADOL-C\MSVISUALSTUDIO\V10\X64\SPARSE\INTERFACES.OBJ
C:\USERS\RICHARD\DOCUMENTS\ACADEMICS\PENN\03_F2014\CIS599 - MASTERS INDEPENDENT STUDY\SPACETIME-OPTIMIZATION-OF-ARTICULATED-CHARACTER-MOTION\ADOL-C\MSVISUALSTUDIO\V10\X64\SPARSE\FIXPOINT.OBJ
C:\USERS\RICHARD\DOCUMENTS\ACADEMICS\PENN\03_F2014\CIS599 - MASTERS INDEPENDENT STUDY\SPACETIME-OPTIMIZATION-OF-ARTICULATED-CHARACTER-MOTION\ADOL-C\MSVISUALSTUDIO\V10\X64\SPARSE\EXTERNFCTS.OBJ
C:\USERS\RICHARD\DOCUMENTS\ACADEMICS\PENN\03_F2014\CIS599 - MASTERS INDEPENDENT STUDY\SPACETIME-OPTIMIZATION-OF-ARTICULATED-CHARACTER-MOTION\ADOL-C\MSVISUALSTUDIO\V10\X64\SPARSE\CHECKPOINTING.OBJ
C:\USERS\RICHARD\DOCUMENTS\ACADEMICS\PENN\03_F2014\CIS599 - MASTERS INDEPENDENT STUDY\SPACETIME-OPTIMIZATION-OF-ARTICULATED-CHARACTER-MOTION\ADOL-C\MSVISUALSTUDIO\V10\X64\SPARSE\ADVECTOR.OBJ
C:\USERS\RICHARD\DOCUMENTS\ACADEMICS\PENN\03_F2014\CIS599 - MASTERS INDEPENDENT STUDY\SPACETIME-OPTIMIZATION-OF-ARTICULATED-CHARACTER-MOTION\ADOL-C\MSVISUALSTUDIO\V10\X64\SPARSE\ADOUBLE.OBJ
C:\USERS\RICHARD\DOCUMENTS\ACADEMICS\PENN\03_F2014\CIS599 - MASTERS INDEPENDENT STUDY\SPACETIME-OPTIMIZATION-OF-ARTICULATED-CHARACTER-MOTION\ADOL-C\MSVISUALSTUDIO\V10\X64\SPARSE\ADOLC.DLL.EMBED.MANIFEST.RES
C:\Users\Richard\Documents\Academics\Penn\03_F2014\CIS599 - Masters Independent Study\Spacetime-Optimization-of-Articulated-Character-Motion\ADOL-C\MSVisualStudio\v10\x64\sparse\adalloc.obj
C:\Users\Richard\Documents\Academics\Penn\03_F2014\CIS599 - Masters Independent Study\Spacetime-Optimization-of-Articulated-Character-Motion\ADOL-C\MSVisualStudio\v10\x64\sparse\adouble.obj
C:\Users\Richard\Documents\Academics\Penn\03_F2014\CIS599 - Masters Independent Study\Spacetime-Optimization-of-Articulated-Character-Motion\ADOL-C\MSVisualStudio\v10\x64\sparse\adouble_tl.obj
C:\Users\Richard\Documents\Academics\Penn\03_F2014\CIS599 - Masters Independent Study\Spacetime-Optimization-of-Articulated-Character-Motion\ADOL-C\MSVisualStudio\v10\x64\sparse\advector.obj
C:\Users\Richard\Documents\Academics\Penn\03_F2014\CIS599 - Masters Independent Study\Spacetime-Optimization-of-Articulated-Character-Motion\ADOL-C\MSVisualStudio\v10\x64\sparse\checkpointing.obj
C:\Users\Richard\Documents\Academics\Penn\03_F2014\CIS599 - Masters Independent Study\Spacetime-Optimization-of-Articulated-Character-Motion\ADOL-C\MSVisualStudio\v10\x64\sparse\convolut.obj
C:\Users\Richard\Documents\Academics\Penn\03_F2014\CIS599 - Masters Independent Study\Spacetime-Optimization-of-Articulated-Character-Motion\ADOL-C\MSVisualStudio\v10\x64\sparse\drivers.obj
C:\Users\Richard\Documents\Academics\Penn\03_F2014\CIS599 - Masters Independent Study\Spacetime-Optimization-of-Articulated-Character-Motion\ADOL-C\MSVisualStudio\v10\x64\sparse\driversf.obj
C:\Users\Richard\Documents\Academics\Penn\03_F2014\CIS599 - Masters Independent Study\Spacetime-Optimization-of-Articulated-Character-Motion\ADOL-C\MSVisualStudio\v10\x64\sparse\externfcts.obj
C:\Users\Richard\Documents\Academics\Penn\03_F2014\CIS599 - Masters Independent Study\Spacetime-Optimization-of-Articulated-Character-Motion\ADOL-C\MSVisualStudio\v10\x64\sparse\fixpoint.obj
C:\Users\Richard\Documents\Academics\Penn\03_F2014\CIS599 - Masters Independent Study\Spacetime-Optimization-of-Articulated-Character-Motion\ADOL-C\MSVisualStudio\v10\x64\sparse\fortutils.obj
C:\Users\Richard\Documents\Academics\Penn\03_F2014\CIS599 - Masters Independent Study\Spacetime-Optimization-of-Articulated-Character-Motion\ADOL-C\MSVisualStudio\v10\x64\sparse\forward_partx.obj
C:\Users\Richard\Documents\Academics\Penn\03_F2014\CIS599 - Masters Independent Study\Spacetime-Optimization-of-Articulated-Character-Motion\ADOL-C\MSVisualStudio\v10\x64\sparse\fos_an_forward.obj
C:\Users\Richard\Documents\Academics\Penn\03_F2014\CIS599 - Masters Independent Study\Spacetime-Optimization-of-Articulated-Character-Motion\ADOL-C\MSVisualStudio\v10\x64\sparse\fos_an_reverse.obj
C:\Users\Richard\Documents\Academics\Penn\03_F2014\CIS599 - Masters Independent Study\Spacetime-Optimization-of-Articulated-Character-Motion\ADOL-C\MSVisualStudio\v10\x64\sparse\fos_forward.obj
C:\Users\Richard\Documents\Academics\Penn\03_F2014\CIS599 - Masters Independent Study\Spacetime-Optimization-of-Articulated-Character-Motion\ADOL-C\MSVisualStudio\v10\x64\sparse\fos_reverse.obj
C:\Users\Richard\Documents\Academics\Penn\03_F2014\CIS599 - Masters Independent Study\Spacetime-Optimization-of-Articulated-Character-Motion\ADOL-C\MSVisualStudio\v10\x64\sparse\fov_an_forward.obj
C:\Users\Richard\Documents\Academics\Penn\03_F2014\CIS599 - Masters Independent Study\Spacetime-Optimization-of-Articulated-Character-Motion\ADOL-C\MSVisualStudio\v10\x64\sparse\fov_forward.obj
C:\Users\Richard\Documents\Academics\Penn\03_F2014\CIS599 - Masters Independent Study\Spacetime-Optimization-of-Articulated-Character-Motion\ADOL-C\MSVisualStudio\v10\x64\sparse\fov_offset_forward.obj
C:\Users\Richard\Documents\Academics\Penn\03_F2014\CIS599 - Masters Independent Study\Spacetime-Optimization-of-Articulated-Character-Motion\ADOL-C\MSVisualStudio\v10\x64\sparse\fov_reverse.obj
C:\Users\Richard\Documents\Academics\Penn\03_F2014\CIS599 - Masters Independent Study\Spacetime-Optimization-of-Articulated-Character-Motion\ADOL-C\MSVisualStudio\v10\x64\sparse\hos_forward.obj
C:\Users\Richard\Documents\Academics\Penn\03_F2014\CIS599 - Masters Independent Study\Spacetime-Optimization-of-Articulated-Character-Motion\ADOL-C\MSVisualStudio\v10\x64\sparse\hos_ov_reverse.obj
C:\Users\Richard\Documents\Academics\Penn\03_F2014\CIS599 - Masters Independent Study\Spacetime-Optimization-of-Articulated-Character-Motion\ADOL-C\MSVisualStudio\v10\x64\sparse\hos_reverse.obj
C:\Users\Richard\Documents\Academics\Penn\03_F2014\CIS599 - Masters Independent Study\Spacetime-Optimization-of-Articulated-Character-Motion\ADOL-C\MSVisualStudio\v10\x64\sparse\hov_forward.obj
C:\Users\Richard\Documents\Academics\Penn\03_F2014\CIS599 - Masters Independent Study\Spacetime-Optimization-of-Articulated-Character-Motion\ADOL-C\MSVisualStudio\v10\x64\sparse\hov_reverse.obj
C:\Users\Richard\Documents\Academics\Penn\03_F2014\CIS599 - Masters Independent Study\Spacetime-Optimization-of-Articulated-Character-Motion\ADOL-C\MSVisualStudio\v10\x64\sparse\hov_wk_forward.obj
C:\Users\Richard\Documents\Academics\Penn\03_F2014\CIS599 - Masters Independent Study\Spacetime-Optimization-of-Articulated-Character-Motion\ADOL-C\MSVisualStudio\v10\x64\sparse\indopro_forward_s.obj
C:\Users\Richard\Documents\Academics\Penn\03_F2014\CIS599 - Masters Independent Study\Spacetime-Optimization-of-Articulated-Character-Motion\ADOL-C\MSVisualStudio\v10\x64\sparse\indopro_forward_t.obj
C:\Users\Richard\Documents\Academics\Penn\03_F2014\CIS599 - Masters Independent Study\Spacetime-Optimization-of-Articulated-Character-Motion\ADOL-C\MSVisualStudio\v10\x64\sparse\interfaces.obj
C:\Users\Richard\Documents\Academics\Penn\03_F2014\CIS599 - Masters Independent Study\Spacetime-Optimization-of-Articulated-Character-Motion\ADOL-C\MSVisualStudio\v10\x64\sparse\interfacesf.obj
C:\Users\Richard\Documents\Academics\Penn\03_F2014\CIS599 - Masters Independent Study\Spacetime-Optimization-of-Articulated-Character-Motion\ADOL-C\MSVisualStudio\v10\x64\sparse\int_forward_s.obj
C:\Users\Richard\Documents\Academics\Penn\03_F2014\CIS599 - Masters Independent Study\Spacetime-Optimization-of-Articulated-Character-Motion\ADOL-C\MSVisualStudio\v10\x64\sparse\int_forward_t.obj
C:\Users\Richard\Documents\Academics\Penn\03_F2014\CIS599 - Masters Independent Study\Spacetime-Optimization-of-Articulated-Character-Motion\ADOL-C\MSVisualStudio\v10\x64\sparse\int_reverse_s.obj
C:\Users\Richard\Documents\Academics\Penn\03_F2014\CIS599 - Masters Independent Study\Spacetime-Optimization-of-Articulated-Character-Motion\ADOL-C\MSVisualStudio\v10\x64\sparse\int_reverse_t.obj
C:\Users\Richard\Documents\Academics\Penn\03_F2014\CIS599 - Masters Independent Study\Spacetime-Optimization-of-Articulated-Character-Motion\ADOL-C\MSVisualStudio\v10\x64\sparse\malloc.obj
C:\Users\Richard\Documents\Academics\Penn\03_F2014\CIS599 - Masters Independent Study\Spacetime-Optimization-of-Articulated-Character-Motion\ADOL-C\MSVisualStudio\v10\x64\sparse\nonl_ind_forward_s.obj
C:\Users\Richard\Documents\Academics\Penn\03_F2014\CIS599 - Masters Independent Study\Spacetime-Optimization-of-Articulated-Character-Motion\ADOL-C\MSVisualStudio\v10\x64\sparse\nonl_ind_forward_t.obj
C:\Users\Richard\Documents\Academics\Penn\03_F2014\CIS599 - Masters Independent Study\Spacetime-Optimization-of-Articulated-Character-Motion\ADOL-C\MSVisualStudio\v10\x64\sparse\nonl_ind_old_forward_s.obj
C:\Users\Richard\Documents\Academics\Penn\03_F2014\CIS599 - Masters Independent Study\Spacetime-Optimization-of-Articulated-Character-Motion\ADOL-C\MSVisualStudio\v10\x64\sparse\nonl_ind_old_forward_t.obj
C:\Users\Richard\Documents\Academics\Penn\03_F2014\CIS599 - Masters Independent Study\Spacetime-Optimization-of-Articulated-Character-Motion\ADOL-C\MSVisualStudio\v10\x64\sparse\odedrivers.obj
C:\Users\Richard\Documents\Academics\Penn\03_F2014\CIS599 - Masters Independent Study\Spacetime-Optimization-of-Articulated-Character-Motion\ADOL-C\MSVisualStudio\v10\x64\sparse\odedriversf.obj
C:\Users\Richard\Documents\Academics\Penn\03_F2014\CIS599 - Masters Independent Study\Spacetime-Optimization-of-Articulated-Character-Motion\ADOL-C\MSVisualStudio\v10\x64\sparse\param.obj
C:\Users\Richard\Documents\Academics\Penn\03_F2014\CIS599 - Masters Independent Study\Spacetime-Optimization-of-Articulated-Character-Motion\ADOL-C\MSVisualStudio\v10\x64\sparse\revolve.obj
C:\Users\Richard\Documents\Academics\Penn\03_F2014\CIS599 - Masters Independent Study\Spacetime-Optimization-of-Articulated-Character-Motion\ADOL-C\MSVisualStudio\v10\x64\sparse\tapedoc.obj
C:\Users\Richard\Documents\Academics\Penn\03_F2014\CIS599 - Masters Independent Study\Spacetime-Optimization-of-Articulated-Character-Motion\ADOL-C\MSVisualStudio\v10\x64\sparse\tape_handling.obj
C:\Users\Richard\Documents\Academics\Penn\03_F2014\CIS599 - Masters Independent Study\Spacetime-Optimization-of-Articulated-Character-Motion\ADOL-C\MSVisualStudio\v10\x64\sparse\taping.obj
C:\Users\Richard\Documents\Academics\Penn\03_F2014\CIS599 - Masters Independent Study\Spacetime-Optimization-of-Articulated-Character-Motion\ADOL-C\MSVisualStudio\v10\x64\sparse\taylor.obj
C:\Users\Richard\Documents\Academics\Penn\03_F2014\CIS599 - Masters Independent Study\Spacetime-Optimization-of-Articulated-Character-Motion\ADOL-C\MSVisualStudio\v10\x64\sparse\zos_an_forward.obj
C:\Users\Richard\Documents\Academics\Penn\03_F2014\CIS599 - Masters Independent Study\Spacetime-Optimization-of-Articulated-Character-Motion\ADOL-C\MSVisualStudio\v10\x64\sparse\zos_forward.obj
C:\Users\Richard\Documents\Academics\Penn\03_F2014\CIS599 - Masters Independent Study\Spacetime-Optimization-of-Articulated-Character-Motion\ADOL-C\MSVisualStudio\v10\x64\sparse\cl.command.1.tlog
C:\Users\Richard\Documents\Academics\Penn\03_F2014\CIS599 - Masters Independent Study\Spacetime-Optimization-of-Articulated-Character-Motion\ADOL-C\MSVisualStudio\v10\x64\sparse\CL.read.1.tlog
C:\Users\Richard\Documents\Academics\Penn\03_F2014\CIS599 - Masters Independent Study\Spacetime-Optimization-of-Articulated-Character-Motion\ADOL-C\MSVisualStudio\v10\x64\sparse\CL.write.1.tlog
C:\Users\Richard\Documents\Academics\Penn\03_F2014\CIS599 - Masters Independent Study\Spacetime-Optimization-of-Articulated-Character-Motion\ADOL-C\MSVisualStudio\v10\x64\sparse\link.command.1.tlog
C:\Users\Richard\Documents\Academics\Penn\03_F2014\CIS599 - Masters Independent Study\Spacetime-Optimization-of-Articulated-Character-Motion\ADOL-C\MSVisualStudio\v10\x64\sparse\link.read.1.tlog
C:\Users\Richard\Documents\Academics\Penn\03_F2014\CIS599 - Masters Independent Study\Spacetime-Optimization-of-Articulated-Character-Motion\ADOL-C\MSVisualStudio\v10\x64\sparse\link.write.1.tlog
C:\Users\Richard\Documents\Academics\Penn\03_F2014\CIS599 - Masters Independent Study\Spacetime-Optimization-of-Articulated-Character-Motion\ADOL-C\MSVisualStudio\v10\x64\sparse\rc.command.1.tlog
C:\Users\Richard\Documents\Academics\Penn\03_F2014\CIS599 - Masters Independent Study\Spacetime-Optimization-of-Articulated-Character-Motion\ADOL-C\MSVisualStudio\v10\x64\sparse\rc.read.1.tlog
C:\Users\Richard\Documents\Academics\Penn\03_F2014\CIS599 - Masters Independent Study\Spacetime-Optimization-of-Articulated-Character-Motion\ADOL-C\MSVisualStudio\v10\x64\sparse\rc.write.1.tlog
C:\Users\Richard\Documents\Academics\Penn\03_F2014\CIS599 - Masters Independent Study\Spacetime-Optimization-of-Articulated-Character-Motion\ADOL-C\MSVisualStudio\v10\x64\sparse\adolc.dll.embed.manifest
C:\Users\Richard\Documents\Academics\Penn\03_F2014\CIS599 - Masters Independent Study\Spacetime-Optimization-of-Articulated-Character-Motion\ADOL-C\MSVisualStudio\v10\x64\sparse\adolc.dll.embed.manifest.res
C:\Users\Richard\Documents\Academics\Penn\03_F2014\CIS599 - Masters Independent Study\Spacetime-Optimization-of-Articulated-Character-Motion\ADOL-C\MSVisualStudio\v10\x64\sparse\vc100.pdb
C:\Users\Richard\Documents\Academics\Penn\03_F2014\CIS599 - Masters Independent Study\Spacetime-Optimization-of-Articulated-Character-Motion\ADOL-C\MSVisualStudio\v10\x64\sparse\adolc_manifest.rc
